{"C:\\Users\\Trujli8\\Desktop\\Assignments\\sequelize-practice\\src\\album.js": {"path":"C:\\Users\\Trujli8\\Desktop\\Assignments\\sequelize-practice\\src\\album.js","statementMap":{"0":{"start":{"line":1,"column":38},"end":{"line":1,"column":53}},"1":{"start":{"line":7,"column":0},"end":{"line":13,"column":3}},"2":{"start":{"line":16,"column":0},"end":{"line":16,"column":27}}},"fnMap":{},"branchMap":{},"s":{"0":1,"1":1,"2":1},"f":{},"b":{},"_coverageSchema":"1a1c01bbd47fc00a2c39e90264f33305004495a9","hash":"5711f1fcbf3263c1f966b182d173c919e08c9779"}
,"C:\\Users\\Trujli8\\Desktop\\Assignments\\sequelize-practice\\src\\artist.js": {"path":"C:\\Users\\Trujli8\\Desktop\\Assignments\\sequelize-practice\\src\\artist.js","statementMap":{"0":{"start":{"line":1,"column":38},"end":{"line":1,"column":53}},"1":{"start":{"line":9,"column":0},"end":{"line":16,"column":3}},"2":{"start":{"line":19,"column":0},"end":{"line":19,"column":28}}},"fnMap":{},"branchMap":{},"s":{"0":1,"1":1,"2":1},"f":{},"b":{},"_coverageSchema":"1a1c01bbd47fc00a2c39e90264f33305004495a9","hash":"ef3b82be4d7b165523cec23423037a41b6a0fb52"}
,"C:\\Users\\Trujli8\\Desktop\\Assignments\\sequelize-practice\\src\\db.js": {"path":"C:\\Users\\Trujli8\\Desktop\\Assignments\\sequelize-practice\\src\\db.js","statementMap":{"0":{"start":{"line":1,"column":38},"end":{"line":1,"column":58}},"1":{"start":{"line":5,"column":18},"end":{"line":9,"column":3}},"2":{"start":{"line":13,"column":0},"end":{"line":13,"column":47}}},"fnMap":{},"branchMap":{},"s":{"0":1,"1":1,"2":1},"f":{},"b":{},"_coverageSchema":"1a1c01bbd47fc00a2c39e90264f33305004495a9","hash":"d431508327d73773356b80dfbea0c64b7b6b3176"}
,"C:\\Users\\Trujli8\\Desktop\\Assignments\\sequelize-practice\\src\\index.js": {"path":"C:\\Users\\Trujli8\\Desktop\\Assignments\\sequelize-practice\\src\\index.js","statementMap":{"0":{"start":{"line":1,"column":38},"end":{"line":1,"column":53}},"1":{"start":{"line":3,"column":19},"end":{"line":3,"column":43}},"2":{"start":{"line":4,"column":18},"end":{"line":4,"column":41}},"3":{"start":{"line":5,"column":18},"end":{"line":5,"column":41}},"4":{"start":{"line":9,"column":0},"end":{"line":9,"column":23}},"5":{"start":{"line":10,"column":0},"end":{"line":10,"column":24}},"6":{"start":{"line":11,"column":0},"end":{"line":11,"column":21}},"7":{"start":{"line":12,"column":0},"end":{"line":12,"column":22}},"8":{"start":{"line":14,"column":0},"end":{"line":14,"column":40}}},"fnMap":{},"branchMap":{},"s":{"0":1,"1":1,"2":1,"3":1,"4":1,"5":1,"6":1,"7":1,"8":1},"f":{},"b":{},"_coverageSchema":"1a1c01bbd47fc00a2c39e90264f33305004495a9","hash":"0685317df2006a32c7056d52fee1774c9adde7e1"}
,"C:\\Users\\Trujli8\\Desktop\\Assignments\\sequelize-practice\\src\\track.js": {"path":"C:\\Users\\Trujli8\\Desktop\\Assignments\\sequelize-practice\\src\\track.js","statementMap":{"0":{"start":{"line":1,"column":38},"end":{"line":1,"column":53}},"1":{"start":{"line":7,"column":0},"end":{"line":13,"column":3}},"2":{"start":{"line":16,"column":0},"end":{"line":16,"column":27}}},"fnMap":{},"branchMap":{},"s":{"0":1,"1":1,"2":1},"f":{},"b":{},"_coverageSchema":"1a1c01bbd47fc00a2c39e90264f33305004495a9","hash":"2af4966f68e16735f69bfb75304b236b03c75950"}
}
